<?xml version="1.0" encoding="UTF-8"?>
<testng-results skipped="0" failed="0" total="2" passed="2">
  <reporter-output>
  </reporter-output>
  <suite name="Suite" duration-ms="20" started-at="2020-06-19T06:05:55Z" finished-at="2020-06-19T06:05:55Z">
    <groups>
      <group name="basic">
        <method signature="NewTest.testcase3()[pri:3, instance:fb_parametertestng.NewTest@100fc185]" name="testcase3" class="fb_parametertestng.NewTest"/>
        <method signature="NewTest.testcase4(java.lang.String)[pri:4, instance:fb_parametertestng.NewTest@100fc185]" name="testcase4" class="fb_parametertestng.NewTest"/>
      </group> <!-- basic -->
    </groups>
    <test name="Test on chrome" duration-ms="20" started-at="2020-06-19T06:05:55Z" finished-at="2020-06-19T06:05:55Z">
      <class name="fb_parametertestng.NewTest">
        <test-method status="PASS" signature="testcase3()[pri:3, instance:fb_parametertestng.NewTest@100fc185]" name="testcase3" duration-ms="8" started-at="2020-06-19T11:35:55Z" finished-at="2020-06-19T11:35:55Z">
          <reporter-output>
          </reporter-output>
        </test-method> <!-- testcase3 -->
        <test-method status="PASS" signature="testcase4(java.lang.String)[pri:4, instance:fb_parametertestng.NewTest@100fc185]" name="testcase4" duration-ms="2" started-at="2020-06-19T11:35:55Z" finished-at="2020-06-19T11:35:55Z">
          <params>
            <param index="0">
              <value>
                <![CDATA[https://www.facebook.com/]]>
              </value>
            </param>
          </params>
          <reporter-output>
          </reporter-output>
        </test-method> <!-- testcase4 -->
      </class> <!-- fb_parametertestng.NewTest -->
    </test> <!-- Test on chrome -->
  </suite> <!-- Suite -->
</testng-results>
